<?xml version="1.0" encoding="UTF-8"?>
<testsuite name="com.project.plan.PlanApplicationTests" time="10.15" tests="6" errors="1" skipped="0" failures="0">
  <properties>
[...]
</properties>
  <testcase name="syncLdapUsers" classname="com.project.plan.PlanApplicationTests" time="5.511"/>
  <testcase name="testTrans" classname="com.project.plan.PlanApplicationTests" time="3.439">
    <error message="Could not commit JPA transaction; nested exception is javax.persistence.RollbackException: Transaction marked as rollbackOnly" type="org.springframework.transaction.TransactionSystemException"><![CDATA[org.springframework.transaction.TransactionSystemException: Could not commit JPA transaction; nested exception is javax.persistence.RollbackException: Transaction marked as rollbackOnly
	at org.hibernate.jpa.internal.TransactionImpl.commit(TransactionImpl.java:58)
	at org.springframework.orm.jpa.JpaTransactionManager.doCommit(JpaTransactionManager.java:517)
	at org.springframework.transaction.support.AbstractPlatformTransactionManager.processCommit(AbstractPlatformTransactionManager.java:761)
	at org.springframework.transaction.support.AbstractPlatformTransactionManager.commit(AbstractPlatformTransactionManager.java:730)
	at org.springframework.transaction.interceptor.TransactionAspectSupport.commitTransactionAfterReturning(TransactionAspectSupport.java:518)
	at org.springframework.transaction.interceptor.TransactionAspectSupport.invokeWithinTransaction(TransactionAspectSupport.java:292)
	at org.springframework.transaction.interceptor.TransactionInterceptor.invoke(TransactionInterceptor.java:96)
	at org.springframework.aop.framework.ReflectiveMethodInvocation.proceed(ReflectiveMethodInvocation.java:179)
	at org.springframework.aop.framework.CglibAopProxy$DynamicAdvisedInterceptor.intercept(CglibAopProxy.java:673)
	at com.project.plan.service.plan.ModuleServiceImpl$$EnhancerBySpringCGLIB$$e7a0656f.saveOneTest(<generated>)
	at com.project.plan.PlanApplicationTests.testTrans(PlanApplicationTests.java:141)
]]></error>
    <system-out><![CDATA[2018-05-03 11:54:36.116 [main] DEBUG org.hibernate.SQL - insert into t_module (create_comment, create_time, update_comment, update_time, name, project_id, start_time, stat, wish_time) values (?, ?, ?, ?, ?, ?, ?, ?, ?)
Hibernate: insert into t_module (create_comment, create_time, update_comment, update_time, name, project_id, start_time, stat, wish_time) values (?, ?, ?, ?, ?, ?, ?, ?, ?)
 里面catch 
--插入成功
]]></system-out>
  </testcase>
  <testcase name="test2" classname="com.project.plan.PlanApplicationTests" time="0.922"/>
  <testcase name="test3" classname="com.project.plan.PlanApplicationTests" time="0.225"/>
  <testcase name="contextLoads" classname="com.project.plan.PlanApplicationTests" time="0.004"/>
  <testcase name="testSelect" classname="com.project.plan.PlanApplicationTests" time="0.049"/>
</testsuite>